<?xml version="1.0" encoding="UTF-8"?>
<testsuite xmlns:xsi="http://www.w3.org/2001/XMLSchema-instance" xsi:noNamespaceSchemaLocation="https://maven.apache.org/surefire/maven-surefire-plugin/xsd/surefire-test-report.xsd" name="TestSuite" time="38.179" tests="5" errors="0" skipped="0" failures="1">
  <properties>
[...]
</properties>
  <testcase name="basePageNavigation" classname="Academy.bin.LoginQAClick" time="4.589"/>
  <testcase name="basePageNavigation" classname="Academy.bin.LoginQAClick" time="0.051">
    <failure message="no such element: Unable to locate element: {&quot;method&quot;:&quot;css selector&quot;,&quot;selector&quot;:&quot;a[href=&apos;http://qaclickacademy.usefedora.com/sign_in&apos;]&quot;}&#10;  (Session info: chrome=61.0.3163.100)&#10;  (Driver info: chromedriver=2.33.506106 (8a06c39c4582fbfbab6966dbb1c38a9173bfb1a2),platform=Mac OS X 10.12.6 x86_64) (WARNING: The server did not provide any stacktrace information)&#10;Command duration or timeout: 0 milliseconds&#10;For documentation on this error, please visit: http://seleniumhq.org/exceptions/no_such_element.html&#10;Build info: version: &apos;3.6.0&apos;, revision: &apos;6fbf3ec767&apos;, time: &apos;2017-09-27T15:28:36.4Z&apos;&#10;System info: host: &apos;Kuntis-MacBook-Pro.local&apos;, ip: &apos;fe80:0:0:0:4c9:a847:8d4a:934c%en0&apos;, os.name: &apos;Mac OS X&apos;, os.arch: &apos;x86_64&apos;, os.version: &apos;10.12.6&apos;, java.version: &apos;1.8.0_121&apos;&#10;Driver info: org.openqa.selenium.chrome.ChromeDriver&#10;Capabilities [{mobileEmulationEnabled=false, hasTouchScreen=false, platform=MAC, acceptSslCerts=true, webStorageEnabled=true, browserName=chrome, takesScreenshot=true, javascriptEnabled=true, platformName=MAC, setWindowRect=true, unexpectedAlertBehaviour=, applicationCacheEnabled=false, rotatable=false, networkConnectionEnabled=false, chrome={chromedriverVersion=2.33.506106 (8a06c39c4582fbfbab6966dbb1c38a9173bfb1a2), userDataDir=/var/folders/w_/190phhts5176jdzkf04fxn1w0000gn/T/.org.chromium.Chromium.AVIBoi}, takesHeapSnapshot=true, pageLoadStrategy=normal, unhandledPromptBehavior=, databaseEnabled=false, handlesAlerts=true, version=61.0.3163.100, browserConnectionEnabled=false, nativeEvents=true, locationContextEnabled=true, cssSelectorsEnabled=true}]&#10;Session ID: 9e3d0d2fd564960142b323ebfe571487&#10;*** Element info: {Using=css selector, value=a[href=&apos;http://qaclickacademy.usefedora.com/sign_in&apos;]}" type="org.openqa.selenium.NoSuchElementException">org.openqa.selenium.NoSuchElementException: 
no such element: Unable to locate element: {"method":"css selector","selector":"a[href='http://qaclickacademy.usefedora.com/sign_in']"}
  (Session info: chrome=61.0.3163.100)
  (Driver info: chromedriver=2.33.506106 (8a06c39c4582fbfbab6966dbb1c38a9173bfb1a2),platform=Mac OS X 10.12.6 x86_64) (WARNING: The server did not provide any stacktrace information)
Command duration or timeout: 0 milliseconds
For documentation on this error, please visit: http://seleniumhq.org/exceptions/no_such_element.html
Build info: version: '3.6.0', revision: '6fbf3ec767', time: '2017-09-27T15:28:36.4Z'
System info: host: 'Kuntis-MacBook-Pro.local', ip: 'fe80:0:0:0:4c9:a847:8d4a:934c%en0', os.name: 'Mac OS X', os.arch: 'x86_64', os.version: '10.12.6', java.version: '1.8.0_121'
Driver info: org.openqa.selenium.chrome.ChromeDriver
Capabilities [{mobileEmulationEnabled=false, hasTouchScreen=false, platform=MAC, acceptSslCerts=true, webStorageEnabled=true, browserName=chrome, takesScreenshot=true, javascriptEnabled=true, platformName=MAC, setWindowRect=true, unexpectedAlertBehaviour=, applicationCacheEnabled=false, rotatable=false, networkConnectionEnabled=false, chrome={chromedriverVersion=2.33.506106 (8a06c39c4582fbfbab6966dbb1c38a9173bfb1a2), userDataDir=/var/folders/w_/190phhts5176jdzkf04fxn1w0000gn/T/.org.chromium.Chromium.AVIBoi}, takesHeapSnapshot=true, pageLoadStrategy=normal, unhandledPromptBehavior=, databaseEnabled=false, handlesAlerts=true, version=61.0.3163.100, browserConnectionEnabled=false, nativeEvents=true, locationContextEnabled=true, cssSelectorsEnabled=true}]
Session ID: 9e3d0d2fd564960142b323ebfe571487
*** Element info: {Using=css selector, value=a[href='http://qaclickacademy.usefedora.com/sign_in']}
	at Academy.bin.LoginQAClick.basePageNavigation(LoginQAClick.java:39)
</failure>
  </testcase>
  <testcase name="testLandingPage" classname="Academy.bin.TestCase2" time="0.011"/>
  <testcase name="test2" classname="Academy.bin.TestCase2" time="0.065"/>
  <testcase name="test3" classname="Academy.bin.TestCase2" time="0.047"/>
</testsuite>