<?xml version="1.0" encoding="UTF-8"?>
<!-- Generated by org.testng.reporters.JUnitXMLReporter -->
<testsuite hostname="Kuntis-MacBook-Pro.local" ignored="0" name="Test" tests="5" failures="0" timestamp="06 Nov 2017 18:00:04 GMT" time="26.307" errors="0">
  <testcase name="basePageNavigation" time="12.205" classname="Academy.bin.LoginQAClick"/>
  <testcase name="basePageNavigation" time="3.507" classname="Academy.bin.LoginQAClick"/>
  <testcase name="testLandingPage" time="0.003" classname="Academy.bin.TestCase2"/>
  <testcase name="test2" time="0.054" classname="Academy.bin.TestCase2"/>
  <testcase name="test3" time="0.05" classname="Academy.bin.TestCase2"/>
</testsuite> <!-- Test -->
