<?xml version="1.0" encoding="UTF-8"?>
<!-- Generated by org.testng.reporters.JUnitXMLReporter -->
<testsuite hostname="Kuntis-MacBook-Pro.local" ignored="0" name="Test2" tests="3" failures="1" timestamp="03 Dec 2017 06:58:40 GMT" time="7.516" errors="0">
  <testcase name="testLandingPage" time="0.002" classname="Academy.bin.TestCase2"/>
  <testcase name="test2" time="0.055" classname="Academy.bin.TestCase2">
    <failure type="java.lang.AssertionError" message="expected [FEATURED C99OURSES] but found [FEATURED COURSES]">
      <![CDATA[java.lang.AssertionError: expected [FEATURED C99OURSES] but found [FEATURED COURSES]
	at Academy.bin.TestCase2.test2(TestCase2.java:48)
... Removed 31 stack frames]]>
    </failure>
  </testcase> <!-- test2 -->
  <testcase name="test3" time="0.044" classname="Academy.bin.TestCase2"/>
</testsuite> <!-- Test2 -->
