<?xml version="1.0" encoding="UTF-8"?>
<!-- Generated by org.testng.reporters.JUnitXMLReporter -->
<testsuite hostname="Kuntis-MacBook-Pro.local" name="Default test" tests="3" failures="0" timestamp="11 Dec 2017 21:04:44 GMT" time="60.635" errors="0">
  <testcase name="bookFlight" time="22.217" classname="com.kunti.app.BookFlight"/>
  <testcase name="bookFlight" time="16.95" classname="com.kunti.app.BookFlight"/>
  <testcase name="bookFlight" time="17.232" classname="com.kunti.app.BookFlight"/>
</testsuite> <!-- Default test -->
