<?xml version="1.0" encoding="UTF-8"?>
<testng-results skipped="0" failed="1" total="3" passed="2">
  <reporter-output>
  </reporter-output>
  <suite name="Default suite" duration-ms="78079" started-at="2017-12-06T01:24:43Z" finished-at="2017-12-06T01:26:01Z">
    <groups>
    </groups>
    <test name="Default test" duration-ms="78079" started-at="2017-12-06T01:24:43Z" finished-at="2017-12-06T01:26:01Z">
      <class name="com.kunti.app.BookFlight">
        <test-method status="PASS" signature="initialise()[pri:0, instance:com.kunti.app.BookFlight@33afa13b]" name="initialise" is-config="true" duration-ms="6" started-at="2017-12-05T17:24:43Z" finished-at="2017-12-05T17:24:43Z">
          <reporter-output>
          </reporter-output>
        </test-method> <!-- initialise -->
        <test-method status="PASS" signature="browserSet()[pri:0, instance:com.kunti.app.BookFlight@33afa13b]" name="browserSet" is-config="true" duration-ms="3500" started-at="2017-12-05T17:24:44Z" finished-at="2017-12-05T17:24:47Z">
          <reporter-output>
          </reporter-output>
        </test-method> <!-- browserSet -->
        <test-method status="PASS" signature="bookOneWayFlight(java.lang.String, java.lang.String, java.lang.String, java.lang.String, java.lang.String, java.lang.String, java.lang.String, java.lang.String, java.lang.String, java.lang.String)[pri:0, instance:com.kunti.app.BookFlight@33afa13b]" name="bookOneWayFlight" duration-ms="25799" started-at="2017-12-05T17:24:47Z" data-provider="getTestData" finished-at="2017-12-05T17:25:13Z">
          <params>
            <param index="0">
              <value>
                <![CDATA[One Way]]>
              </value>
            </param>
            <param index="1">
              <value>
                <![CDATA[Mumbai]]>
              </value>
            </param>
            <param index="2">
              <value>
                <![CDATA[Delhi]]>
              </value>
            </param>
            <param index="3">
              <value>
                <![CDATA[January 23,2018]]>
              </value>
            </param>
            <param index="4">
              <value>
                <![CDATA[NA]]>
              </value>
            </param>
            <param index="5">
              <value>
                <![CDATA[5]]>
              </value>
            </param>
            <param index="6">
              <value>
                <![CDATA[2]]>
              </value>
            </param>
            <param index="7">
              <value>
                <![CDATA[1]]>
              </value>
            </param>
            <param index="8">
              <value>
                <![CDATA[Premium Economy]]>
              </value>
            </param>
            <param index="9">
              <value>
                <![CDATA[Flight Search]]>
              </value>
            </param>
          </params>
          <reporter-output>
          </reporter-output>
        </test-method> <!-- bookOneWayFlight -->
        <test-method status="PASS" signature="teardown()[pri:0, instance:com.kunti.app.BookFlight@33afa13b]" name="teardown" is-config="true" duration-ms="0" started-at="2017-12-05T17:25:13Z" finished-at="2017-12-05T17:25:13Z">
          <reporter-output>
          </reporter-output>
        </test-method> <!-- teardown -->
        <test-method status="PASS" signature="browserSet()[pri:0, instance:com.kunti.app.BookFlight@33afa13b]" name="browserSet" is-config="true" duration-ms="2942" started-at="2017-12-05T17:25:13Z" finished-at="2017-12-05T17:25:16Z">
          <reporter-output>
          </reporter-output>
        </test-method> <!-- browserSet -->
        <test-method status="PASS" signature="bookOneWayFlight(java.lang.String, java.lang.String, java.lang.String, java.lang.String, java.lang.String, java.lang.String, java.lang.String, java.lang.String, java.lang.String, java.lang.String)[pri:0, instance:com.kunti.app.BookFlight@33afa13b]" name="bookOneWayFlight" duration-ms="20944" started-at="2017-12-05T17:25:16Z" data-provider="getTestData" finished-at="2017-12-05T17:25:37Z">
          <params>
            <param index="0">
              <value>
                <![CDATA[One Way]]>
              </value>
            </param>
            <param index="1">
              <value>
                <![CDATA[San Francisco]]>
              </value>
            </param>
            <param index="2">
              <value>
                <![CDATA[Kuala Lumpur]]>
              </value>
            </param>
            <param index="3">
              <value>
                <![CDATA[December 23,2017]]>
              </value>
            </param>
            <param index="4">
              <value>
                <![CDATA[NA]]>
              </value>
            </param>
            <param index="5">
              <value>
                <![CDATA[2]]>
              </value>
            </param>
            <param index="6">
              <value>
                <![CDATA[3]]>
              </value>
            </param>
            <param index="7">
              <value>
                <![CDATA[1]]>
              </value>
            </param>
            <param index="8">
              <value>
                <![CDATA[Business]]>
              </value>
            </param>
            <param index="9">
              <value>
                <![CDATA[MakeMyTrip]]>
              </value>
            </param>
          </params>
          <reporter-output>
          </reporter-output>
        </test-method> <!-- bookOneWayFlight -->
        <test-method status="PASS" signature="teardown()[pri:0, instance:com.kunti.app.BookFlight@33afa13b]" name="teardown" is-config="true" duration-ms="2" started-at="2017-12-05T17:25:37Z" finished-at="2017-12-05T17:25:37Z">
          <reporter-output>
          </reporter-output>
        </test-method> <!-- teardown -->
        <test-method status="PASS" signature="browserSet()[pri:0, instance:com.kunti.app.BookFlight@33afa13b]" name="browserSet" is-config="true" duration-ms="4168" started-at="2017-12-05T17:25:37Z" finished-at="2017-12-05T17:25:41Z">
          <reporter-output>
          </reporter-output>
        </test-method> <!-- browserSet -->
        <test-method status="FAIL" signature="bookOneWayFlight(java.lang.String, java.lang.String, java.lang.String, java.lang.String, java.lang.String, java.lang.String, java.lang.String, java.lang.String, java.lang.String, java.lang.String)[pri:0, instance:com.kunti.app.BookFlight@33afa13b]" name="bookOneWayFlight" duration-ms="20127" started-at="2017-12-05T17:25:41Z" data-provider="getTestData" finished-at="2017-12-05T17:26:01Z">
          <params>
            <param index="0">
              <value>
                <![CDATA[Round]]>
              </value>
            </param>
            <param index="1">
              <value>
                <![CDATA[Chicago]]>
              </value>
            </param>
            <param index="2">
              <value>
                <![CDATA[Singapore]]>
              </value>
            </param>
            <param index="3">
              <value>
                <![CDATA[December 25,2017]]>
              </value>
            </param>
            <param index="4">
              <value>
                <![CDATA[February 22,2018]]>
              </value>
            </param>
            <param index="5">
              <value>
                <![CDATA[3]]>
              </value>
            </param>
            <param index="6">
              <value>
                <![CDATA[0]]>
              </value>
            </param>
            <param index="7">
              <value>
                <![CDATA[0]]>
              </value>
            </param>
            <param index="8">
              <value>
                <![CDATA[First Class]]>
              </value>
            </param>
            <param index="9">
              <value>
                <![CDATA[MakeMyTrip]]>
              </value>
            </param>
          </params>
          <exception class="org.openqa.selenium.ElementNotInteractableException">
            <message>
              <![CDATA[
Build info: version: '3.6.0', revision: '6fbf3ec767', time: '2017-09-27T16:15:26.402Z'
System info: host: 'Kuntis-MacBook-Pro.local', ip: 'fe80:0:0:0:a9:b151:40fd:8dc3%en0', os.name: 'Mac OS X', os.arch: 'x86_64', os.version: '10.13.1', java.version: '1.8.0_121'
Driver info: org.openqa.selenium.firefox.FirefoxDriver
Capabilities [{moz:profile=/var/folders/w_/190phhts5176jdzkf04fxn1w0000gn/T/rust_mozprofile.2DwqDSYE4x8g, rotatable=false, timeouts={implicit=0, pageLoad=300000, script=30000}, pageLoadStrategy=normal, moz:headless=false, platform=MAC, moz:accessibilityChecks=false, acceptInsecureCerts=true, browserVersion=57.0, platformVersion=17.2.0, moz:processID=2483, browserName=firefox, javascriptEnabled=true, platformName=MAC, moz:webdriverClick=false}]
Session ID: 8b6bf349-f777-014f-aef6-c2257c6e369e]]>
            </message>
            <full-stacktrace>
              <![CDATA[org.openqa.selenium.ElementNotInteractableException: 
Build info: version: '3.6.0', revision: '6fbf3ec767', time: '2017-09-27T16:15:26.402Z'
System info: host: 'Kuntis-MacBook-Pro.local', ip: 'fe80:0:0:0:a9:b151:40fd:8dc3%en0', os.name: 'Mac OS X', os.arch: 'x86_64', os.version: '10.13.1', java.version: '1.8.0_121'
Driver info: org.openqa.selenium.firefox.FirefoxDriver
Capabilities [{moz:profile=/var/folders/w_/190phhts5176jdzkf04fxn1w0000gn/T/rust_mozprofile.2DwqDSYE4x8g, rotatable=false, timeouts={implicit=0, pageLoad=300000, script=30000}, pageLoadStrategy=normal, moz:headless=false, platform=MAC, moz:accessibilityChecks=false, acceptInsecureCerts=true, browserVersion=57.0, platformVersion=17.2.0, moz:processID=2483, browserName=firefox, javascriptEnabled=true, platformName=MAC, moz:webdriverClick=false}]
Session ID: 8b6bf349-f777-014f-aef6-c2257c6e369e
	at sun.reflect.NativeConstructorAccessorImpl.newInstance0(Native Method)
	at sun.reflect.NativeConstructorAccessorImpl.newInstance(NativeConstructorAccessorImpl.java:62)
	at sun.reflect.DelegatingConstructorAccessorImpl.newInstance(DelegatingConstructorAccessorImpl.java:45)
	at java.lang.reflect.Constructor.newInstance(Constructor.java:423)
	at org.openqa.selenium.remote.http.W3CHttpResponseCodec.createException(W3CHttpResponseCodec.java:185)
	at org.openqa.selenium.remote.http.W3CHttpResponseCodec.decode(W3CHttpResponseCodec.java:120)
	at org.openqa.selenium.remote.http.W3CHttpResponseCodec.decode(W3CHttpResponseCodec.java:49)
	at org.openqa.selenium.remote.HttpCommandExecutor.execute(HttpCommandExecutor.java:164)
	at org.openqa.selenium.remote.service.DriverCommandExecutor.execute(DriverCommandExecutor.java:83)
	at org.openqa.selenium.remote.RemoteWebDriver.execute(RemoteWebDriver.java:586)
	at org.openqa.selenium.remote.RemoteWebElement.execute(RemoteWebElement.java:279)
	at org.openqa.selenium.remote.RemoteWebElement.click(RemoteWebElement.java:83)
	at com.kunti.app.BookFlight.toDatePicker(BookFlight.java:181)
	at com.kunti.app.BookFlight.bookOneWayFlight(BookFlight.java:87)
	at sun.reflect.NativeMethodAccessorImpl.invoke0(Native Method)
	at sun.reflect.NativeMethodAccessorImpl.invoke(NativeMethodAccessorImpl.java:62)
	at sun.reflect.DelegatingMethodAccessorImpl.invoke(DelegatingMethodAccessorImpl.java:43)
	at java.lang.reflect.Method.invoke(Method.java:498)
	at org.testng.internal.MethodInvocationHelper.invokeMethod(MethodInvocationHelper.java:80)
	at org.testng.internal.Invoker.invokeMethod(Invoker.java:714)
	at org.testng.internal.Invoker.invokeTestMethod(Invoker.java:901)
	at org.testng.internal.Invoker.invokeTestMethods(Invoker.java:1231)
	at org.testng.internal.TestMethodWorker.invokeTestMethods(TestMethodWorker.java:127)
	at org.testng.internal.TestMethodWorker.run(TestMethodWorker.java:111)
	at org.testng.TestRunner.privateRun(TestRunner.java:767)
	at org.testng.TestRunner.run(TestRunner.java:617)
	at org.testng.SuiteRunner.runTest(SuiteRunner.java:334)
	at org.testng.SuiteRunner.runSequentially(SuiteRunner.java:329)
	at org.testng.SuiteRunner.privateRun(SuiteRunner.java:291)
	at org.testng.SuiteRunner.run(SuiteRunner.java:240)
	at org.testng.SuiteRunnerWorker.runSuite(SuiteRunnerWorker.java:52)
	at org.testng.SuiteRunnerWorker.run(SuiteRunnerWorker.java:86)
	at org.testng.TestNG.runSuitesSequentially(TestNG.java:1198)
	at org.testng.TestNG.runSuitesLocally(TestNG.java:1123)
	at org.testng.TestNG.run(TestNG.java:1031)
	at org.testng.remote.AbstractRemoteTestNG.run(AbstractRemoteTestNG.java:114)
	at org.testng.remote.RemoteTestNG.initAndRun(RemoteTestNG.java:251)
	at org.testng.remote.RemoteTestNG.main(RemoteTestNG.java:77)
]]>
            </full-stacktrace>
          </exception> <!-- org.openqa.selenium.ElementNotInteractableException -->
          <reporter-output>
          </reporter-output>
        </test-method> <!-- bookOneWayFlight -->
        <test-method status="PASS" signature="teardown()[pri:0, instance:com.kunti.app.BookFlight@33afa13b]" name="teardown" is-config="true" duration-ms="0" started-at="2017-12-05T17:26:01Z" finished-at="2017-12-05T17:26:01Z">
          <reporter-output>
          </reporter-output>
        </test-method> <!-- teardown -->
      </class> <!-- com.kunti.app.BookFlight -->
    </test> <!-- Default test -->
  </suite> <!-- Default suite -->
</testng-results>
