<?xml version="1.0" encoding="UTF-8"?>
<testng-results skipped="0" failed="0" total="3" passed="3">
  <reporter-output>
  </reporter-output>
  <suite name="Default suite" duration-ms="60635" started-at="2017-12-11T21:03:39Z" finished-at="2017-12-11T21:04:39Z">
    <groups>
    </groups>
    <test name="Default test" duration-ms="60635" started-at="2017-12-11T21:03:39Z" finished-at="2017-12-11T21:04:39Z">
      <class name="com.kunti.app.BookFlight">
        <test-method status="PASS" signature="initialise()[pri:0, instance:com.kunti.app.BookFlight@5c671d7f]" name="initialise" is-config="true" duration-ms="18" started-at="2017-12-11T13:03:39Z" finished-at="2017-12-11T13:03:39Z">
          <reporter-output>
          </reporter-output>
        </test-method> <!-- initialise -->
        <test-method status="PASS" signature="browserSet()[pri:0, instance:com.kunti.app.BookFlight@5c671d7f]" name="browserSet" is-config="true" duration-ms="1567" started-at="2017-12-11T13:03:39Z" finished-at="2017-12-11T13:03:41Z">
          <reporter-output>
          </reporter-output>
        </test-method> <!-- browserSet -->
        <test-method status="PASS" signature="bookFlight(java.lang.String, java.lang.String, java.lang.String, java.lang.String, java.lang.String, java.lang.String, java.lang.String, java.lang.String, java.lang.String, java.lang.String)[pri:0, instance:com.kunti.app.BookFlight@5c671d7f]" name="bookFlight" duration-ms="22217" started-at="2017-12-11T13:03:41Z" data-provider="getTestData" finished-at="2017-12-11T13:04:03Z">
          <params>
            <param index="0">
              <value>
                <![CDATA[One Way]]>
              </value>
            </param>
            <param index="1">
              <value>
                <![CDATA[Mumbai]]>
              </value>
            </param>
            <param index="2">
              <value>
                <![CDATA[Delhi]]>
              </value>
            </param>
            <param index="3">
              <value>
                <![CDATA[January 23,2018]]>
              </value>
            </param>
            <param index="4">
              <value>
                <![CDATA[NA]]>
              </value>
            </param>
            <param index="5">
              <value>
                <![CDATA[5]]>
              </value>
            </param>
            <param index="6">
              <value>
                <![CDATA[2]]>
              </value>
            </param>
            <param index="7">
              <value>
                <![CDATA[1]]>
              </value>
            </param>
            <param index="8">
              <value>
                <![CDATA[Premium Economy]]>
              </value>
            </param>
            <param index="9">
              <value>
                <![CDATA[Flight Search]]>
              </value>
            </param>
          </params>
          <reporter-output>
          </reporter-output>
        </test-method> <!-- bookFlight -->
        <test-method status="PASS" signature="browserSet()[pri:0, instance:com.kunti.app.BookFlight@5c671d7f]" name="browserSet" is-config="true" duration-ms="842" started-at="2017-12-11T13:04:03Z" finished-at="2017-12-11T13:04:04Z">
          <reporter-output>
          </reporter-output>
        </test-method> <!-- browserSet -->
        <test-method status="PASS" signature="teardown()[pri:0, instance:com.kunti.app.BookFlight@5c671d7f]" name="teardown" is-config="true" duration-ms="0" started-at="2017-12-11T13:04:03Z" finished-at="2017-12-11T13:04:03Z">
          <reporter-output>
          </reporter-output>
        </test-method> <!-- teardown -->
        <test-method status="PASS" signature="bookFlight(java.lang.String, java.lang.String, java.lang.String, java.lang.String, java.lang.String, java.lang.String, java.lang.String, java.lang.String, java.lang.String, java.lang.String)[pri:0, instance:com.kunti.app.BookFlight@5c671d7f]" name="bookFlight" duration-ms="16950" started-at="2017-12-11T13:04:04Z" data-provider="getTestData" finished-at="2017-12-11T13:04:21Z">
          <params>
            <param index="0">
              <value>
                <![CDATA[One Way]]>
              </value>
            </param>
            <param index="1">
              <value>
                <![CDATA[San Francisco]]>
              </value>
            </param>
            <param index="2">
              <value>
                <![CDATA[Kuala Lumpur]]>
              </value>
            </param>
            <param index="3">
              <value>
                <![CDATA[December 23,2017]]>
              </value>
            </param>
            <param index="4">
              <value>
                <![CDATA[NA]]>
              </value>
            </param>
            <param index="5">
              <value>
                <![CDATA[2]]>
              </value>
            </param>
            <param index="6">
              <value>
                <![CDATA[3]]>
              </value>
            </param>
            <param index="7">
              <value>
                <![CDATA[1]]>
              </value>
            </param>
            <param index="8">
              <value>
                <![CDATA[Business]]>
              </value>
            </param>
            <param index="9">
              <value>
                <![CDATA[MakeMyTrip]]>
              </value>
            </param>
          </params>
          <reporter-output>
          </reporter-output>
        </test-method> <!-- bookFlight -->
        <test-method status="PASS" signature="browserSet()[pri:0, instance:com.kunti.app.BookFlight@5c671d7f]" name="browserSet" is-config="true" duration-ms="1202" started-at="2017-12-11T13:04:21Z" finished-at="2017-12-11T13:04:22Z">
          <reporter-output>
          </reporter-output>
        </test-method> <!-- browserSet -->
        <test-method status="PASS" signature="teardown()[pri:0, instance:com.kunti.app.BookFlight@5c671d7f]" name="teardown" is-config="true" duration-ms="0" started-at="2017-12-11T13:04:21Z" finished-at="2017-12-11T13:04:21Z">
          <reporter-output>
          </reporter-output>
        </test-method> <!-- teardown -->
        <test-method status="PASS" signature="bookFlight(java.lang.String, java.lang.String, java.lang.String, java.lang.String, java.lang.String, java.lang.String, java.lang.String, java.lang.String, java.lang.String, java.lang.String)[pri:0, instance:com.kunti.app.BookFlight@5c671d7f]" name="bookFlight" duration-ms="17232" started-at="2017-12-11T13:04:22Z" data-provider="getTestData" finished-at="2017-12-11T13:04:39Z">
          <params>
            <param index="0">
              <value>
                <![CDATA[Round]]>
              </value>
            </param>
            <param index="1">
              <value>
                <![CDATA[Chicago]]>
              </value>
            </param>
            <param index="2">
              <value>
                <![CDATA[Singapore]]>
              </value>
            </param>
            <param index="3">
              <value>
                <![CDATA[December 25,2017]]>
              </value>
            </param>
            <param index="4">
              <value>
                <![CDATA[February 22,2018]]>
              </value>
            </param>
            <param index="5">
              <value>
                <![CDATA[3]]>
              </value>
            </param>
            <param index="6">
              <value>
                <![CDATA[0]]>
              </value>
            </param>
            <param index="7">
              <value>
                <![CDATA[0]]>
              </value>
            </param>
            <param index="8">
              <value>
                <![CDATA[First Class]]>
              </value>
            </param>
            <param index="9">
              <value>
                <![CDATA[MakeMyTrip]]>
              </value>
            </param>
          </params>
          <reporter-output>
          </reporter-output>
        </test-method> <!-- bookFlight -->
        <test-method status="PASS" signature="teardown()[pri:0, instance:com.kunti.app.BookFlight@5c671d7f]" name="teardown" is-config="true" duration-ms="0" started-at="2017-12-11T13:04:39Z" finished-at="2017-12-11T13:04:39Z">
          <reporter-output>
          </reporter-output>
        </test-method> <!-- teardown -->
      </class> <!-- com.kunti.app.BookFlight -->
    </test> <!-- Default test -->
  </suite> <!-- Default suite -->
</testng-results>
